c:\facultation\sem2\oop\pregateisan\examproject\x64\debug\main.obj
c:\facultation\sem2\oop\pregateisan\examproject\x64\debug\examproject.obj
c:\facultation\sem2\oop\pregateisan\examproject\x64\debug\repository.obj
c:\facultation\sem2\oop\pregateisan\examproject\x64\debug\event.obj
c:\facultation\sem2\oop\pregateisan\examproject\x64\debug\service.obj
c:\facultation\sem2\oop\pregateisan\examproject\x64\debug\observer.obj
c:\facultation\sem2\oop\pregateisan\examproject\x64\debug\window.obj
c:\facultation\sem2\oop\pregateisan\examproject\x64\debug\vc143.pdb
c:\facultation\sem2\oop\pregateisan\examproject\x64\debug\qrc_examproject.obj
c:\facultation\sem2\oop\pregateisan\examproject\x64\debug\moc_window.obj
c:\facultation\sem2\oop\pregateisan\examproject\x64\debug\moc_examproject.obj
c:\facultation\sem2\oop\pregateisan\examproject\x64\debug\uic\ui_examproject.h
c:\facultation\sem2\oop\pregateisan\examproject\x64\debug\rcc\qrc_examproject.cpp
c:\facultation\sem2\oop\pregateisan\examproject\x64\debug\moc\moc_examproject.cpp
c:\facultation\sem2\oop\pregateisan\examproject\x64\debug\moc\moc_window.cpp
c:\facultation\sem2\oop\pregateisan\examproject\x64\debug\examproject.pdb
c:\facultation\sem2\oop\pregateisan\examproject\x64\debug\examproject.tlog\cl.1040.write.1.tlog
c:\facultation\sem2\oop\pregateisan\examproject\x64\debug\examproject.tlog\cl.command.1.tlog
c:\facultation\sem2\oop\pregateisan\examproject\x64\debug\examproject.tlog\cl.read.1.tlog
c:\facultation\sem2\oop\pregateisan\examproject\x64\debug\examproject.tlog\examproject.write.1u.tlog
c:\facultation\sem2\oop\pregateisan\examproject\x64\debug\examproject.tlog\link-cvtres.read.1.tlog
c:\facultation\sem2\oop\pregateisan\examproject\x64\debug\examproject.tlog\link-cvtres.write.1.tlog
c:\facultation\sem2\oop\pregateisan\examproject\x64\debug\examproject.tlog\link-rc.read.1.tlog
c:\facultation\sem2\oop\pregateisan\examproject\x64\debug\examproject.tlog\link-rc.write.1.tlog
c:\facultation\sem2\oop\pregateisan\examproject\x64\debug\examproject.tlog\link.command.1.tlog
c:\facultation\sem2\oop\pregateisan\examproject\x64\debug\examproject.tlog\link.read.1.tlog
c:\facultation\sem2\oop\pregateisan\examproject\x64\debug\examproject.tlog\link.read.2.tlog
c:\facultation\sem2\oop\pregateisan\examproject\x64\debug\examproject.tlog\link.write.1.tlog
c:\facultation\sem2\oop\pregateisan\examproject\x64\debug\examproject.tlog\moc.read.1u.tlog
c:\facultation\sem2\oop\pregateisan\examproject\x64\debug\examproject.tlog\moc.write.1u.tlog
c:\facultation\sem2\oop\pregateisan\examproject\x64\debug\examproject.tlog\rcc.read.1u.tlog
c:\facultation\sem2\oop\pregateisan\examproject\x64\debug\examproject.tlog\rcc.write.1u.tlog
c:\facultation\sem2\oop\pregateisan\examproject\x64\debug\examproject.tlog\uic.read.1u.tlog
c:\facultation\sem2\oop\pregateisan\examproject\x64\debug\examproject.tlog\uic.write.1u.tlog
