     1                                  bits 32 ; assembling for the 32 bits architecture
     2                                  
     3                                  ; declare the EntryPoint (a label defining the very first instruction of the program)
     4                                  global start        
     5                                  
     6                                  ; declare external functions needed by our program
     7                                  extern exit               ; tell nasm that exit exists even if we won't be defining it
     8                                  import exit msvcrt.dll    ; exit is a function that ends the calling process. It is defined in msvcrt.dll
     9                                                            ; msvcrt.dll contains exit, printf and all the other important C-runtime specific functions
    10                                  
    11                                  ; our data is declared here (the variables needed by our program)
    12                                  segment data use32 class=data
    13 00000000 02                          a db 2
    14 00000001 05                          b db 5
    15 00000002 03                          c db 3
    16 00000003 04                          d db 4
    17                                  ; our code starts here
    18                                  segment code use32 class=code
    19                                      start:
    20 00000000 66A1[01000000]                  mov ax, [b]
    21 00000006 6601C0                          add ax, ax
    22 00000009 668B1D[02000000]                mov bx, [c]
    23 00000010 662B1D[00000000]                sub bx, [a]
    24 00000017 6601D8                          add ax, bx
    25 0000001A 668B0D[03000000]                mov cx, [d]
    26 00000021 6601C8                          add ax, cx
    27                                          
    28                                      
    29                                          ; exit(0)
    30 00000024 6A00                            push    dword 0      ; push the parameter for exit onto the stack
    31 00000026 FF15[00000000]                  call    [exit]       ; call exit to terminate the program
