     1                                  bits 32 ; assembling for the 32 bits architecture
     2                                  
     3                                  ; declare the EntryPoint (a label defining the very first instruction of the program)
     4                                  global start        
     5                                  
     6                                  ; declare external functions needed by our program
     7                                  extern exit               ; tell nasm that exit exists even if we won't be defining it
     8                                  import exit msvcrt.dll    ; exit is a function that ends the calling process. It is defined in msvcrt.dll
     9                                                            ; msvcrt.dll contains exit, printf and all the other important C-runtime specific functions
    10                                  
    11                                  ; our data is declared here (the variables needed by our program)
    12                                  segment data use32 class=data
    13 00000000 0300                        a dw 3
    14 00000002 0500                        b dw 5
    15 00000004 0900                        c dw 9
    16 00000006 0A00                        d dw 10
    17                                  
    18                                  ; our code starts here
    19                                  segment code use32 class=code
    20                                      start:
    21 00000000 66A1[02000000]                  mov ax, [b]
    22 00000006 6601C0                          add ax, ax
    23 00000009 662B05[04000000]                sub ax, [c]
    24 00000010 668B1D[00000000]                mov bx, [a]
    25 00000017 66031D[06000000]                add bx, [d]
    26 0000001E 6629D8                          sub ax, bx
    27                                      
    28                                          ; exit(0)
    29 00000021 6A00                            push    dword 0      ; push the parameter for exit onto the stack
    30 00000023 FF15[00000000]                  call    [exit]       ; call exit to terminate the program
