     1                                  bits 32 ; assembling for the 32 bits architecture
     2                                  
     3                                  ; declare the EntryPoint (a label defining the very first instruction of the program)
     4                                  global start        
     5                                  
     6                                  ; declare external functions needed by our program
     7                                  extern exit               ; tell nasm that exit exists even if we won't be defining it
     8                                  import exit msvcrt.dll    ; exit is a function that ends the calling process. It is defined in msvcrt.dll
     9                                                            ; msvcrt.dll contains exit, printf and all the other important C-runtime specific functions
    10                                  
    11                                  ; our data is declared here (the variables needed by our program)
    12                                  segment data use32 class=data
    13 00000000 05                          a db 5
    14 00000001 02                          b db 2
    15 00000002 03                          c db 3
    16                                  
    17                                  ; our code starts here
    18                                  segment code use32 class=code
    19                                      start:
    20 00000000 A0[00000000]                    mov al, [a]
    21 00000005 2A05[02000000]                  sub al, [c]
    22 0000000B 66B90300                        mov cx, 3
    23 0000000F 66F7E1                          mul cx
    24 00000012 6689C3                          mov bx, ax
    25 00000015 A0[01000000]                    mov al, [b]
    26 0000001A F6E0                            mul al
    27 0000001C 6601D8                          add ax, bx
    28                                          
    29                                          ; exit(0)
    30 0000001F 6A00                            push    dword 0      ; push the parameter for exit onto the stack
    31 00000021 FF15[00000000]                  call    [exit]       ; call exit to terminate the program
