     1                                  bits 32 ; assembling for the 32 bits architecture
     2                                  
     3                                  ; declare the EntryPoint (a label defining the very first instruction of the program)
     4                                  global start        
     5                                  
     6                                  ; declare external functions needed by our program
     7                                  extern exit               ; tell nasm that exit exists even if we won't be defining it
     8                                  import exit msvcrt.dll    ; exit is a function that ends the calling process. It is defined in msvcrt.dll
     9                                                            ; msvcrt.dll contains exit, printf and all the other important C-runtime specific functions
    10                                  
    11                                  ; our data is declared here (the variables needed by our program)
    12                                  segment data use32 class=data
    13 00000000 05                      a db 5
    14 00000001 04                      d db 4
    15 00000002 0200                    e dw 2
    16                                      ; ...
    17                                  
    18                                  ; our code starts here
    19                                  segment code use32 class=code
    20                                      start:
    21                                          ; ...
    22 00000000 A0[01000000]                    mov al, [d]
    23 00000005 B302                            mov bl, 2
    24 00000007 F6E3                            mul bl 
    25                                          ;ax=2*d
    26 00000009 660305[02000000]                add ax, [e]
    27 00000010 F635[00000000]                  div byte [a]
    28                                          ; exit(0)
    29 00000016 6A00                            push    dword 0      ; push the parameter for exit onto the stack
    30 00000018 FF15[00000000]                  call    [exit]       ; call exit to terminate the program
