     1                                  bits 32 ; assembling for the 32 bits architecture
     2                                  
     3                                  ; declare the EntryPoint (a label defining the very first instruction of the program)
     4                                  global start        
     5                                  
     6                                  ; declare external functions needed by our program
     7                                  extern exit                 ; tell nasm that exit exists even if we won't be defining it
     8                                  import exit msvcrt.dll      ; exit is a function that ends the calling process. It is defined in msvcrt.dll
     9                                  extern printf   
    10                                  import printf msvcrt.dll     ; msvcrt.dll contains exit, printf and all the other important C-runtime specific  functions
    11                                  
    12                                  ; our data is declared here (the variables needed by our program)
    13                                  segment data use32 class=data
    14 00000000 256400                      format db "%d",0
    15                                      
    16                                  
    17                                  ; our code starts here
    18                                  segment code use32 class=code
    19                                      start:
    20 00000000 B807000000                      mov eax, 7
    21 00000005 50                              push eax    ;tre sa fie in ordine inversa pe stiva
    22 00000006 68[00000000]                    push format ;adresa sirului nu val
    23 0000000B FF15[00000000]                  call [printf]
    24 00000011 83C408                          add esp, 4*2 ;se curata stiva
    25                                          
    26                                          ; exit(0)
    27 00000014 6A00                            push    dword 0      ; push the parameter for exit onto the stack
    28 00000016 FF15[00000000]                  call    [exit]       ; call exit to terminate the program
